<?xml version="1.0" encoding="UTF-8"?>
<testsuite xmlns:xsi="http://www.w3.org/2001/XMLSchema-instance" xsi:noNamespaceSchemaLocation="https://maven.apache.org/surefire/maven-surefire-plugin/xsd/surefire-test-report-3.0.xsd" version="3.0" name="TestSuite" time="28.713" tests="2" errors="0" skipped="0" failures="0">
  <properties>
[...]
</properties>
  <testcase name="verifySummary" classname="com.SwagLabs.TestCases.OverviewPageTest" time="0.123">
    <system-out><![CDATA[Log:Driver session created
Log:Application Launch
**********Login Page***********
Application url is:https://www.saucedemo.com/
Application title is: Swag Labs
Log:User login is Completed
*********Inventory Page*********
Total Products on the page:6
********Product Names are**********
Sauce Labs Backpack
Sauce Labs Bike Light
Sauce Labs Bolt T-Shirt
Sauce Labs Fleece Jacket
Sauce Labs Onesie
Test.allTheThings() T-Shirt (Red)
Product added into the cart!: Sauce Labs Bolt T-Shirt
Log:Product got added into cart
*********Cart page************
Cart page is Open.....
Product got removed from the cart!
Inventory page open for continue shopping!
Product added into the cart!: Test.allTheThings() T-Shirt (Red)
Cart page is Open.....
Checkout page open.....!
*****Chckeout page************
firstname is: Jay
lastname is: Nigade
zipcode is: 411047
Overview page open.....!
Log:Checkout process is completed
*******Product summary is: *********
QTYDescription
1
Test.allTheThings() T-Shirt (Red)
This classic Sauce Labs t-shirt is perfect to wear when cozying up to your keyboard to automate a few tests. Super-soft and comfy ringspun combed cotton.
$15.99
Payment Information
SauceCard #31337
Shipping Information
Free Pony Express Delivery!
Price Total
Item total: $15.99
Tax: $1.28
Total: $17.27
Cancel
Finish
]]></system-out>
    <system-err><![CDATA[SLF4J: Failed to load class "org.slf4j.impl.StaticLoggerBinder".
SLF4J: Defaulting to no-operation (NOP) logger implementation
SLF4J: See http://www.slf4j.org/codes.html#StaticLoggerBinder for further details.
Nov 17, 2023 5:01:07 PM org.openqa.selenium.devtools.CdpVersionFinder findNearestMatch
WARNING: Unable to find an exact match for CDP version 119, returning the closest version; found: 118; Please update to a Selenium version that supports CDP version 119
]]></system-err>
  </testcase>
  <testcase name="verifyOrderPurches" classname="com.SwagLabs.TestCases.OverviewPageTest" time="0.185">
    <system-out><![CDATA[Final Status of Order is: Thank you for your order!
]]></system-out>
  </testcase>
</testsuite>