<?xml version="1.0" encoding="UTF-8"?>
<testng-results ignored="0" total="2" passed="2" failed="0" skipped="0">
  <reporter-output>
    <line>
      <![CDATA[Log:Driver session created]]>
    </line>
    <line>
      <![CDATA[Log:Application Launch]]>
    </line>
    <line>
      <![CDATA[Log:User login is Completed]]>
    </line>
    <line>
      <![CDATA[Log:Product got added into cart]]>
    </line>
    <line>
      <![CDATA[Log:Checkout process is completed]]>
    </line>
  </reporter-output>
  <suite started-at="2023-11-17T17:01:05 IST" name="Suite" finished-at="2023-11-17T17:01:32 IST" duration-ms="27458">
    <groups>
    </groups>
    <test started-at="2023-11-17T17:01:05 IST" name="Test" finished-at="2023-11-17T17:01:32 IST" duration-ms="27458">
      <class name="com.SwagLabs.TestCases.OverviewPageTest">
        <test-method is-config="true" signature="attchReports()[pri:0, instance:com.SwagLabs.TestCases.OverviewPageTest@636be97c]" started-at="2023-11-17T17:01:04 IST" name="attchReports" finished-at="2023-11-17T17:01:05 IST" duration-ms="231" status="PASS">
          <reporter-output>
          </reporter-output>
        </test-method> <!-- attchReports -->
        <test-method is-config="true" signature="browserSetUp()[pri:0, instance:com.SwagLabs.TestCases.OverviewPageTest@636be97c]" started-at="2023-11-17T17:01:05 IST" name="browserSetUp" finished-at="2023-11-17T17:01:07 IST" duration-ms="2689" status="PASS">
          <reporter-output>
            <line>
              <![CDATA[Log:Driver session created]]>
            </line>
            <line>
              <![CDATA[Log:Application Launch]]>
            </line>
          </reporter-output>
        </test-method> <!-- browserSetUp -->
        <test-method is-config="true" signature="pageSetUp()[pri:0, instance:com.SwagLabs.TestCases.OverviewPageTest@636be97c]" started-at="2023-11-17T17:01:07 IST" name="pageSetUp" finished-at="2023-11-17T17:01:32 IST" duration-ms="24417" status="PASS">
          <reporter-output>
            <line>
              <![CDATA[Log:User login is Completed]]>
            </line>
            <line>
              <![CDATA[Log:Product got added into cart]]>
            </line>
            <line>
              <![CDATA[Log:Checkout process is completed]]>
            </line>
          </reporter-output>
        </test-method> <!-- pageSetUp -->
        <test-method signature="verifySummary()[pri:1, instance:com.SwagLabs.TestCases.OverviewPageTest@636be97c]" started-at="2023-11-17T17:01:32 IST" name="verifySummary" finished-at="2023-11-17T17:01:32 IST" duration-ms="122" status="PASS">
          <reporter-output>
          </reporter-output>
        </test-method> <!-- verifySummary -->
        <test-method signature="verifyOrderPurches()[pri:2, instance:com.SwagLabs.TestCases.OverviewPageTest@636be97c]" started-at="2023-11-17T17:01:32 IST" name="verifyOrderPurches" finished-at="2023-11-17T17:01:32 IST" duration-ms="195" status="PASS">
          <reporter-output>
          </reporter-output>
        </test-method> <!-- verifyOrderPurches -->
        <test-method is-config="true" signature="exit()[pri:0, instance:com.SwagLabs.TestCases.OverviewPageTest@636be97c]" started-at="2023-11-17T17:01:32 IST" name="exit" finished-at="2023-11-17T17:01:32 IST" duration-ms="315" status="PASS">
          <reporter-output>
          </reporter-output>
        </test-method> <!-- exit -->
      </class> <!-- com.SwagLabs.TestCases.OverviewPageTest -->
    </test> <!-- Test -->
  </suite> <!-- Suite -->
</testng-results>
