<?xml version="1.0" encoding="UTF-8"?>
<testng-results ignored="0" total="2" passed="2" failed="0" skipped="0">
  <reporter-output>
    <line>
      <![CDATA[Log:Driver session created]]>
    </line>
    <line>
      <![CDATA[Log:Application Launch]]>
    </line>
    <line>
      <![CDATA[Log:User login is Completed]]>
    </line>
    <line>
      <![CDATA[Log:Product got added into cart]]>
    </line>
    <line>
      <![CDATA[Log:Checkout process is completed]]>
    </line>
  </reporter-output>
  <suite started-at="2023-11-17T15:46:43 IST" name="Suite" finished-at="2023-11-17T15:47:11 IST" duration-ms="27867">
    <groups>
    </groups>
    <test started-at="2023-11-17T15:46:43 IST" name="Test" finished-at="2023-11-17T15:47:11 IST" duration-ms="27867">
      <class name="com.SwagLabs.TestCases.OverviewPageTest">
        <test-method is-config="true" signature="attchReports()[pri:0, instance:com.SwagLabs.TestCases.OverviewPageTest@27462a88]" started-at="2023-11-17T15:46:42 IST" name="attchReports" finished-at="2023-11-17T15:46:43 IST" duration-ms="265" status="PASS">
          <reporter-output>
          </reporter-output>
        </test-method> <!-- attchReports -->
        <test-method is-config="true" signature="browserSetUp()[pri:0, instance:com.SwagLabs.TestCases.OverviewPageTest@27462a88]" started-at="2023-11-17T15:46:43 IST" name="browserSetUp" finished-at="2023-11-17T15:46:46 IST" duration-ms="3264" status="PASS">
          <reporter-output>
            <line>
              <![CDATA[Log:Driver session created]]>
            </line>
            <line>
              <![CDATA[Log:Application Launch]]>
            </line>
          </reporter-output>
        </test-method> <!-- browserSetUp -->
        <test-method is-config="true" signature="pageSetUp()[pri:0, instance:com.SwagLabs.TestCases.OverviewPageTest@27462a88]" started-at="2023-11-17T15:46:46 IST" name="pageSetUp" finished-at="2023-11-17T15:47:10 IST" duration-ms="24292" status="PASS">
          <reporter-output>
            <line>
              <![CDATA[Log:User login is Completed]]>
            </line>
            <line>
              <![CDATA[Log:Product got added into cart]]>
            </line>
            <line>
              <![CDATA[Log:Checkout process is completed]]>
            </line>
          </reporter-output>
        </test-method> <!-- pageSetUp -->
        <test-method signature="verifySummary()[pri:1, instance:com.SwagLabs.TestCases.OverviewPageTest@27462a88]" started-at="2023-11-17T15:47:10 IST" name="verifySummary" finished-at="2023-11-17T15:47:10 IST" duration-ms="114" status="PASS">
          <reporter-output>
          </reporter-output>
        </test-method> <!-- verifySummary -->
        <test-method signature="verifyOrderPurches()[pri:2, instance:com.SwagLabs.TestCases.OverviewPageTest@27462a88]" started-at="2023-11-17T15:47:10 IST" name="verifyOrderPurches" finished-at="2023-11-17T15:47:11 IST" duration-ms="165" status="PASS">
          <reporter-output>
          </reporter-output>
        </test-method> <!-- verifyOrderPurches -->
        <test-method is-config="true" signature="exit()[pri:0, instance:com.SwagLabs.TestCases.OverviewPageTest@27462a88]" started-at="2023-11-17T15:47:11 IST" name="exit" finished-at="2023-11-17T15:47:11 IST" duration-ms="295" status="PASS">
          <reporter-output>
          </reporter-output>
        </test-method> <!-- exit -->
      </class> <!-- com.SwagLabs.TestCases.OverviewPageTest -->
    </test> <!-- Test -->
  </suite> <!-- Suite -->
</testng-results>
