<?xml version="1.0" encoding="UTF-8"?>
<testng-results ignored="0" total="2" passed="2" failed="0" skipped="0">
  <reporter-output>
  </reporter-output>
  <suite started-at="2023-11-14T15:11:05 IST" name="Suite" finished-at="2023-11-14T15:11:37 IST" duration-ms="31299">
    <groups>
    </groups>
    <test started-at="2023-11-14T15:11:05 IST" name="Test" finished-at="2023-11-14T15:11:37 IST" duration-ms="31299">
      <class name="com.SwagLabs.TestCases.OverviewPageTest">
        <test-method is-config="true" signature="browserSetUp()[pri:0, instance:com.SwagLabs.TestCases.OverviewPageTest@729d991e]" started-at="2023-11-14T15:11:05 IST" name="browserSetUp" finished-at="2023-11-14T15:11:11 IST" duration-ms="5515" status="PASS">
          <reporter-output>
          </reporter-output>
        </test-method> <!-- browserSetUp -->
        <test-method is-config="true" signature="pageSetUp()[pri:0, instance:com.SwagLabs.TestCases.OverviewPageTest@729d991e]" started-at="2023-11-14T15:11:11 IST" name="pageSetUp" finished-at="2023-11-14T15:11:36 IST" duration-ms="25266" status="PASS">
          <reporter-output>
          </reporter-output>
        </test-method> <!-- pageSetUp -->
        <test-method signature="verifySummary()[pri:1, instance:com.SwagLabs.TestCases.OverviewPageTest@729d991e]" started-at="2023-11-14T15:11:36 IST" name="verifySummary" finished-at="2023-11-14T15:11:36 IST" duration-ms="187" status="PASS">
          <reporter-output>
          </reporter-output>
        </test-method> <!-- verifySummary -->
        <test-method signature="verifyOrderPurches()[pri:2, instance:com.SwagLabs.TestCases.OverviewPageTest@729d991e]" started-at="2023-11-14T15:11:36 IST" name="verifyOrderPurches" finished-at="2023-11-14T15:11:37 IST" duration-ms="270" status="PASS">
          <reporter-output>
          </reporter-output>
        </test-method> <!-- verifyOrderPurches -->
      </class> <!-- com.SwagLabs.TestCases.OverviewPageTest -->
    </test> <!-- Test -->
  </suite> <!-- Suite -->
</testng-results>
